<?xml version="1.0" encoding="UTF-8"?>
<!-- Generated by org.testng.reporters.JUnitReportReporter -->
<testsuite hostname="DESKTOP-07GV6CH" failures="0" tests="1" name="Parameterization.SimpleDemo" time="0.053" errors="0" timestamp="2023-07-07T18:04:37 IST" skipped="0">
  <testcase classname="Parameterization.SimpleDemo" name="sum" time="0.053"/>
</testsuite> <!-- Parameterization.SimpleDemo -->
