<?xml version="1.0" encoding="UTF-8"?>
<!-- Generated by org.testng.reporters.JUnitReportReporter -->
<testsuite hostname="DESKTOP-07GV6CH" failures="0" tests="2" name="TestNGFeature.Demo2" time="0.008" errors="0" timestamp="2023-07-22T13:07:40 IST" skipped="0">
  <testcase classname="TestNGFeature.Demo2" name="e" time="0.003"/>
  <testcase classname="TestNGFeature.Demo2" name="f" time="0.005"/>
</testsuite> <!-- TestNGFeature.Demo2 -->
