<?xml version="1.0" encoding="UTF-8"?>
<!-- Generated by org.testng.reporters.JUnitReportReporter -->
<testsuite hostname="DESKTOP-07GV6CH" failures="0" tests="1" name="Project.AutomationTestingSite" time="2.551" errors="0" timestamp="2023-07-12T20:08:30 IST" skipped="0">
  <testcase classname="Project.AutomationTestingSite" name="RegisterPage" time="2.551"/>
</testsuite> <!-- Project.AutomationTestingSite -->
