<?xml version="1.0" encoding="UTF-8"?>
<!-- Generated by org.testng.reporters.JUnitReportReporter -->
<testsuite hostname="DESKTOP-07GV6CH" failures="0" tests="7" name="TestNGFeature.Invocationcount" time="0.065" errors="0" timestamp="2023-07-07T17:44:48 IST" skipped="0">
  <testcase classname="TestNGFeature.Invocationcount" name="Logout" time="0.007"/>
  <testcase classname="TestNGFeature.Invocationcount" name="Loginpage" time="0.006"/>
  <testcase classname="TestNGFeature.Invocationcount" name="Loginpage" time="0.004"/>
  <testcase classname="TestNGFeature.Invocationcount" name="Logout" time="0.008"/>
  <testcase classname="TestNGFeature.Invocationcount" name="Loginpage" time="0.031"/>
  <testcase classname="TestNGFeature.Invocationcount" name="Loginpage" time="0.004"/>
  <testcase classname="TestNGFeature.Invocationcount" name="Loginpage" time="0.005"/>
</testsuite> <!-- TestNGFeature.Invocationcount -->
