<?xml version="1.0" encoding="UTF-8"?>
<!-- Generated by org.testng.reporters.JUnitReportReporter -->
<testsuite hostname="DESKTOP-07GV6CH" failures="0" tests="2" name="TestNGFeature.Day2" time="0.039" errors="0" timestamp="2023-07-11T13:56:25 IST" skipped="0">
  <testcase classname="TestNGFeature.Day2" name="Test1" time="0.032"/>
  <testcase classname="TestNGFeature.Day2" name="Test2" time="0.007"/>
</testsuite> <!-- TestNGFeature.Day2 -->
