<?xml version="1.0" encoding="UTF-8"?>
<!-- Generated by org.testng.reporters.JUnitReportReporter -->
<testsuite hostname="DESKTOP-07GV6CH" failures="0" tests="1" name="TestNGFeature.Day3" time="0.005" errors="0" timestamp="2023-07-11T13:55:03 IST" skipped="0">
  <testcase classname="TestNGFeature.Day3" name="Test4" time="0.005"/>
</testsuite> <!-- TestNGFeature.Day3 -->
