<?xml version="1.0" encoding="UTF-8"?>
<!-- Generated by org.testng.reporters.JUnitReportReporter -->
<testsuite hostname="DESKTOP-07GV6CH" failures="0" tests="3" name="TestNGFeature.demo1" time="0.023" errors="0" timestamp="2023-07-22T12:38:04 IST" skipped="0">
  <testcase classname="TestNGFeature.demo1" name="d" time="0.005"/>
  <testcase classname="TestNGFeature.demo1" name="b" time="0.009"/>
  <testcase classname="TestNGFeature.demo1" name="a" time="0.009"/>
</testsuite> <!-- TestNGFeature.demo1 -->
