<?xml version="1.0" encoding="UTF-8"?>
<!-- Generated by org.testng.reporters.JUnitReportReporter -->
<testsuite hostname="DESKTOP-07GV6CH" failures="0" tests="5" name="TestNGFeature.Enabled1" time="32.850" errors="0" timestamp="2023-07-07T11:23:23 IST" skipped="2">
  <testcase classname="TestNGFeature.Enabled1" name="B" time="7.970"/>
  <testcase classname="TestNGFeature.Enabled1" name="Test2" time="13.397"/>
  <testcase classname="TestNGFeature.Enabled1" name="Test3" time="11.483"/>
  <testcase classname="TestNGFeature.Enabled1" name="Test1">
    <skipped/>
  </testcase> <!-- Test1 -->
  <testcase classname="TestNGFeature.Enabled1" name="A">
    <skipped/>
  </testcase> <!-- A -->
</testsuite> <!-- TestNGFeature.Enabled1 -->
