<?xml version="1.0" encoding="UTF-8"?>
<!-- Generated by org.testng.reporters.JUnitReportReporter -->
<testsuite hostname="DESKTOP-07GV6CH" failures="0" tests="1" name="Assertion.FacebookAssertionExample" time="11.519" errors="0" timestamp="2023-07-08T16:57:07 IST" skipped="0">
  <testcase classname="Assertion.FacebookAssertionExample" name="Setup" time="11.519"/>
</testsuite> <!-- Assertion.FacebookAssertionExample -->
