<?xml version="1.0" encoding="UTF-8"?>
<!-- Generated by org.testng.reporters.JUnitReportReporter -->
<testsuite hostname="DESKTOP-07GV6CH" failures="0" tests="1" name="TestNGFeature.Timeout" time="3.045" errors="1" timestamp="2023-07-07T10:38:55 IST" skipped="0">
  <testcase classname="TestNGFeature.Timeout" name="loigntest" time="3.045">
    <error message="Method TestNGFeature.Timeout.loigntest() didn&#039;t finish within the time-out 3000" type="org.testng.internal.thread.ThreadTimeoutException">
      <![CDATA[org.testng.internal.thread.ThreadTimeoutException: Method TestNGFeature.Timeout.loigntest() didn't finish within the time-out 3000
at java.base/java.io.FileOutputStream.writeBytes(Native Method)
at java.base/java.io.FileOutputStream.write(FileOutputStream.java:372)
at java.base/java.io.BufferedOutputStream.flushBuffer(BufferedOutputStream.java:125)
at java.base/java.io.BufferedOutputStream.implFlush(BufferedOutputStream.java:251)
at java.base/java.io.BufferedOutputStream.flush(BufferedOutputStream.java:239)
at java.base/java.io.PrintStream.implWrite(PrintStream.java:644)
at java.base/java.io.PrintStream.write(PrintStream.java:622)
at java.base/sun.nio.cs.StreamEncoder.writeBytes(StreamEncoder.java:313)
at java.base/sun.nio.cs.StreamEncoder.implFlushBuffer(StreamEncoder.java:409)
at java.base/sun.nio.cs.StreamEncoder.lockedFlushBuffer(StreamEncoder.java:127)
at java.base/sun.nio.cs.StreamEncoder.flushBuffer(StreamEncoder.java:114)
at java.base/java.io.OutputStreamWriter.flushBuffer(OutputStreamWriter.java:193)
at java.base/java.io.PrintStream.implWriteln(PrintStream.java:848)
at java.base/java.io.PrintStream.writeln(PrintStream.java:825)
at java.base/java.io.PrintStream.println(PrintStream.java:1167)
at TestNGFeature.Timeout.loigntest(Timeout.java:12)
at java.base/jdk.internal.reflect.DirectMethodHandleAccessor.invoke(DirectMethodHandleAccessor.java:104)
at java.base/java.lang.reflect.Method.invoke(Method.java:578)
at org.testng.internal.invokers.MethodInvocationHelper.invokeMethod(MethodInvocationHelper.java:139)
at org.testng.internal.invokers.InvokeMethodRunnable.runOne(InvokeMethodRunnable.java:47)
at org.testng.internal.invokers.InvokeMethodRunnable.call(InvokeMethodRunnable.java:76)
at org.testng.internal.invokers.InvokeMethodRunnable.call(InvokeMethodRunnable.java:11)
at java.base/java.util.concurrent.FutureTask.run(FutureTask.java:317)
at java.base/java.util.concurrent.ThreadPoolExecutor.runWorker(ThreadPoolExecutor.java:1144)
at java.base/java.util.concurrent.ThreadPoolExecutor$Worker.run(ThreadPoolExecutor.java:642)
at java.base/java.lang.Thread.run(Thread.java:1589)
]]>
    </error>
  </testcase> <!-- loigntest -->
</testsuite> <!-- TestNGFeature.Timeout -->
