<?xml version="1.0" encoding="UTF-8"?>
<!-- Generated by org.testng.reporters.JUnitReportReporter -->
<testsuite hostname="DESKTOP-07GV6CH" failures="0" tests="1" name="Project.BaseClassPOM" time="31.028" errors="0" timestamp="2023-07-14T19:37:28 IST" skipped="0">
  <testcase classname="Project.BaseClassPOM" name="setup" time="31.028"/>
</testsuite> <!-- Project.BaseClassPOM -->
