<?xml version="1.0" encoding="UTF-8"?>
<!-- Generated by org.testng.reporters.JUnitReportReporter -->
<testsuite hostname="DESKTOP-07GV6CH" failures="0" tests="1" name="Demo.Demo2" time="0.073" errors="0" timestamp="2023-07-06T10:30:36 IST" skipped="0">
  <testcase classname="Demo.Demo2" name="Setup" time="0.073"/>
</testsuite> <!-- Demo.Demo2 -->
