<?xml version="1.0" encoding="UTF-8"?>
<!-- Generated by org.testng.reporters.JUnitReportReporter -->
<testsuite hostname="DESKTOP-07GV6CH" failures="0" tests="3" name="TestNGFeature.Demo" time="0.050" errors="0" timestamp="2023-07-22T13:07:40 IST" skipped="0">
  <testcase classname="TestNGFeature.Demo" name="c" time="0.005"/>
  <testcase classname="TestNGFeature.Demo" name="b" time="0.040"/>
  <testcase classname="TestNGFeature.Demo" name="d" time="0.005"/>
</testsuite> <!-- TestNGFeature.Demo -->
