<?xml version="1.0" encoding="UTF-8"?>
<!-- Generated by org.testng.reporters.JUnitReportReporter -->
<testsuite hostname="DESKTOP-07GV6CH" failures="0" tests="1" name="Demo.DDD" time="2.026" errors="0" timestamp="2023-07-17T11:37:30 IST" skipped="0">
  <testcase classname="Demo.DDD" name="data" time="2.026"/>
</testsuite> <!-- Demo.DDD -->
