<?xml version="1.0" encoding="UTF-8"?>
<!-- Generated by org.testng.reporters.JUnitReportReporter -->
<testsuite hostname="DESKTOP-07GV6CH" failures="0" tests="1" name="Project.Byjus2" time="6.237" errors="0" timestamp="2023-07-11T00:07:02 IST" skipped="0">
  <testcase classname="Project.Byjus2" name="ValidateClass" time="6.237"/>
</testsuite> <!-- Project.Byjus2 -->
