<?xml version="1.0" encoding="UTF-8"?>
<!-- Generated by org.testng.reporters.JUnitReportReporter -->
<testsuite hostname="DESKTOP-07GV6CH" failures="0" tests="2" name="Demo.Demo_Testng_Annotaions" time="0.038" errors="0" timestamp="2023-07-07T01:54:23 IST" skipped="0">
  <testcase classname="Demo.Demo_Testng_Annotaions" name="facebooktitle" time="0.012"/>
  <testcase classname="Demo.Demo_Testng_Annotaions" name="GoogleTitle1" time="0.026"/>
</testsuite> <!-- Demo.Demo_Testng_Annotaions -->
