<?xml version="1.0" encoding="UTF-8"?>
<!-- Generated by org.testng.reporters.JUnitReportReporter -->
<testsuite hostname="DESKTOP-07GV6CH" failures="0" tests="2" name="ParalleTesting.Paralledemo1" time="24.602" errors="0" timestamp="2023-07-11T14:01:18 IST" skipped="0">
  <testcase classname="ParalleTesting.Paralledemo1" name="Setup1" time="17.399"/>
  <testcase classname="ParalleTesting.Paralledemo1" name="Setup" time="7.203"/>
</testsuite> <!-- ParalleTesting.Paralledemo1 -->
