<?xml version="1.0" encoding="UTF-8"?>
<!-- Generated by org.testng.reporters.JUnitReportReporter -->
<testsuite hostname="DESKTOP-07GV6CH" failures="0" tests="2" name="Dataprovider.DataProviderForFacebook" time="13.535" errors="0" timestamp="2023-07-12T10:43:36 IST" skipped="0">
  <testcase classname="Dataprovider.DataProviderForFacebook" name="loginpage" time="5.804"/>
  <testcase classname="Dataprovider.DataProviderForFacebook" name="loginpage" time="7.731"/>
</testsuite> <!-- Dataprovider.DataProviderForFacebook -->
