<?xml version="1.0" encoding="UTF-8"?>
<!-- Generated by org.testng.reporters.JUnitReportReporter -->
<testsuite hostname="DESKTOP-07GV6CH" failures="0" tests="2" name="ParalleTesting.Demo1" time="14.908" errors="0" timestamp="2023-07-11T13:57:41 IST" skipped="0">
  <testcase classname="ParalleTesting.Demo1" name="Setup1" time="8.264"/>
  <testcase classname="ParalleTesting.Demo1" name="Setup" time="6.644"/>
</testsuite> <!-- ParalleTesting.Demo1 -->
