<?xml version="1.0" encoding="UTF-8"?>
<!-- Generated by org.testng.reporters.JUnitReportReporter -->
<testsuite hostname="DESKTOP-07GV6CH" failures="0" tests="1" name="TestNGFeature.ExpectedExecption1" time="0.042" errors="0" timestamp="2023-07-07T14:02:48 IST" skipped="0">
  <testcase classname="TestNGFeature.ExpectedExecption1" name="loigntest" time="0.042"/>
</testsuite> <!-- TestNGFeature.ExpectedExecption1 -->
