<?xml version="1.0" encoding="UTF-8"?>
<!-- Generated by org.testng.reporters.JUnitReportReporter -->
<testsuite hostname="DESKTOP-07GV6CH" failures="0" tests="6" name="Project.KhanAcedamy" time="45.031" errors="0" timestamp="2023-07-16T13:31:24 IST" skipped="0">
  <testcase classname="Project.KhanAcedamy" name="clickonLogin" time="0.782"/>
  <testcase classname="Project.KhanAcedamy" name="Login" time="2.950"/>
  <testcase classname="Project.KhanAcedamy" name="Edit" time="11.203"/>
  <testcase classname="Project.KhanAcedamy" name="ValidateUser" time="0.318"/>
  <testcase classname="Project.KhanAcedamy" name="AllLinks" time="7.905"/>
  <testcase classname="Project.KhanAcedamy" name="SelectClass" time="21.873"/>
</testsuite> <!-- Project.KhanAcedamy -->
