<?xml version="1.0" encoding="UTF-8"?>
<!-- Generated by org.testng.reporters.JUnitReportReporter -->
<testsuite hostname="DESKTOP-07GV6CH" failures="0" tests="2" name="Dataprovider.DifferrentTestClass" time="38.163" errors="0" timestamp="2023-07-12T12:07:02 IST" skipped="0">
  <testcase classname="Dataprovider.DifferrentTestClass" name="Logintest" time="17.666"/>
  <testcase classname="Dataprovider.DifferrentTestClass" name="Logintest" time="20.497"/>
</testsuite> <!-- Dataprovider.DifferrentTestClass -->
