<?xml version="1.0" encoding="UTF-8"?>
<!-- Generated by org.testng.reporters.JUnitReportReporter -->
<testsuite hostname="DESKTOP-07GV6CH" failures="0" tests="2" name="TestNGFeature.Enable112" time="0.045" errors="0" timestamp="2023-07-14T18:50:51 IST" skipped="1">
  <testcase classname="TestNGFeature.Enable112" name="test1" time="0.045"/>
  <testcase classname="TestNGFeature.Enable112" name="test2">
    <skipped/>
  </testcase> <!-- test2 -->
</testsuite> <!-- TestNGFeature.Enable112 -->
