<?xml version="1.0" encoding="UTF-8"?>
<!-- Generated by org.testng.reporters.JUnitReportReporter -->
<testsuite hostname="DESKTOP-07GV6CH" failures="0" tests="1" name="Practice.Read_Data" time="2.654" errors="0" timestamp="2023-07-22T00:43:41 IST" skipped="0">
  <testcase classname="Practice.Read_Data" name="data" time="2.654"/>
</testsuite> <!-- Practice.Read_Data -->
