<?xml version="1.0" encoding="UTF-8"?>
<!-- Generated by org.testng.reporters.JUnitReportReporter -->
<testsuite hostname="DESKTOP-07GV6CH" failures="0" tests="1" name="TestNGFeature.Day1" time="0.034" errors="0" timestamp="2023-07-11T13:55:03 IST" skipped="0">
  <testcase classname="TestNGFeature.Day1" name="Test5" time="0.034"/>
</testsuite> <!-- TestNGFeature.Day1 -->
