<?xml version="1.0" encoding="UTF-8"?>
<!-- Generated by org.testng.reporters.JUnitReportReporter -->
<testsuite hostname="DESKTOP-07GV6CH" failures="0" tests="1" name="Parameterization.OptionalParameter" time="1.490" errors="0" timestamp="2023-07-10T19:33:58 IST" skipped="0">
  <testcase classname="Parameterization.OptionalParameter" name="Url" time="1.490"/>
</testsuite> <!-- Parameterization.OptionalParameter -->
