<?xml version="1.0" encoding="UTF-8"?>
<!-- Generated by org.testng.reporters.JUnitReportReporter -->
<testsuite hostname="DESKTOP-07GV6CH" failures="0" tests="5" name="TestNGFeature.Enabled2_with_Before_After_method" time="1.627" errors="0" timestamp="2023-07-07T11:29:44 IST" skipped="2">
  <testcase classname="TestNGFeature.Enabled2_with_Before_After_method" name="Test3" time="0.004"/>
  <testcase classname="TestNGFeature.Enabled2_with_Before_After_method" name="B" time="1.610"/>
  <testcase classname="TestNGFeature.Enabled2_with_Before_After_method" name="Test2" time="0.013"/>
  <testcase classname="TestNGFeature.Enabled2_with_Before_After_method" name="Test1">
    <skipped/>
  </testcase> <!-- Test1 -->
  <testcase classname="TestNGFeature.Enabled2_with_Before_After_method" name="A">
    <skipped/>
  </testcase> <!-- A -->
</testsuite> <!-- TestNGFeature.Enabled2_with_Before_After_method -->
